<?xml version="1.0" encoding="UTF-8"?>
<!-- Generated by org.testng.reporters.JUnitXMLReporter -->
<testsuite ignored="0" hostname="DESKTOP-9PD5S9F" failures="0" tests="3" name="Default test" time="13.074" errors="0" timestamp="2023-04-23T12:35:35 IST">
  <testcase classname="com.vtiger.tests.LoginTest" name="InvalidLoginTC01" time="6.701"/>
  <testcase classname="com.vtiger.tests.LoginTest" name="validLoginTC02" time="5.741"/>
  <testcase classname="com.vtiger.tests.LoginTest" name="verifyLogoTC03" time="0.517"/>
</testsuite> <!-- Default test -->
