<?xml version="1.0" encoding="UTF-8"?>
<testng-results ignored="0" total="3" passed="3" failed="0" skipped="0">
  <reporter-output>
  </reporter-output>
  <suite started-at="2023-04-23T12:35:22 IST" name="Default suite" finished-at="2023-04-23T12:35:35 IST" duration-ms="13074">
    <groups>
    </groups>
    <test started-at="2023-04-23T12:35:22 IST" name="Default test" finished-at="2023-04-23T12:35:35 IST" duration-ms="13074">
      <class name="com.vtiger.tests.LoginTest">
        <test-method is-config="true" signature="initiation()[pri:0, instance:com.vtiger.tests.LoginTest@693fe6c9]" started-at="2023-04-23T12:35:11 IST" name="initiation" finished-at="2023-04-23T12:35:22 IST" duration-ms="10895" status="PASS">
          <reporter-output>
          </reporter-output>
        </test-method> <!-- initiation -->
        <test-method signature="InvalidLoginTC01()[pri:0, instance:com.vtiger.tests.LoginTest@693fe6c9]" started-at="2023-04-23T12:35:22 IST" name="InvalidLoginTC01" finished-at="2023-04-23T12:35:28 IST" duration-ms="6701" status="PASS">
          <reporter-output>
          </reporter-output>
        </test-method> <!-- InvalidLoginTC01 -->
        <test-method signature="validLoginTC02()[pri:0, instance:com.vtiger.tests.LoginTest@693fe6c9]" started-at="2023-04-23T12:35:28 IST" name="validLoginTC02" finished-at="2023-04-23T12:35:34 IST" duration-ms="5741" status="PASS">
          <reporter-output>
          </reporter-output>
        </test-method> <!-- validLoginTC02 -->
        <test-method signature="verifyLogoTC03()[pri:0, instance:com.vtiger.tests.LoginTest@693fe6c9]" started-at="2023-04-23T12:35:34 IST" name="verifyLogoTC03" finished-at="2023-04-23T12:35:35 IST" duration-ms="517" status="PASS">
          <reporter-output>
          </reporter-output>
        </test-method> <!-- verifyLogoTC03 -->
        <test-method is-config="true" signature="tierdown()[pri:0, instance:com.vtiger.tests.LoginTest@693fe6c9]" started-at="2023-04-23T12:35:35 IST" name="tierdown" finished-at="2023-04-23T12:35:35 IST" duration-ms="509" status="PASS">
          <reporter-output>
          </reporter-output>
        </test-method> <!-- tierdown -->
      </class> <!-- com.vtiger.tests.LoginTest -->
    </test> <!-- Default test -->
  </suite> <!-- Default suite -->
</testng-results>
